<?xml version="1.0" encoding="UTF-8"?>
<testsuite xmlns:xsi="http://www.w3.org/2001/XMLSchema-instance" xsi:noNamespaceSchemaLocation="https://maven.apache.org/surefire/maven-surefire-plugin/xsd/surefire-test-report.xsd" name="visualnut.challenge.apps.Ex1ApplicationTests" time="2.615" tests="1" errors="0" skipped="0" failures="0">
  <properties>
    <property name="gopherProxySet" value="false"/>
    <property name="awt.toolkit" value="sun.lwawt.macosx.LWCToolkit"/>
    <property name="java.specification.version" value="11"/>
    <property name="sun.cpu.isalist" value=""/>
    <property name="sun.jnu.encoding" value="UTF-8"/>
    <property name="java.class.path" value="/Users/Felipe/workspaces/workspaceJavaVS/visualnut-challenge/target/test-classes:/Users/Felipe/workspaces/workspaceJavaVS/visualnut-challenge/target/classes:/Users/Felipe/workspaces/mvnrepo/org/springframework/boot/spring-boot-starter-web/2.6.7/spring-boot-starter-web-2.6.7.jar:/Users/Felipe/workspaces/mvnrepo/org/springframework/boot/spring-boot-starter/2.6.7/spring-boot-starter-2.6.7.jar:/Users/Felipe/workspaces/mvnrepo/org/springframework/boot/spring-boot/2.6.7/spring-boot-2.6.7.jar:/Users/Felipe/workspaces/mvnrepo/org/springframework/boot/spring-boot-autoconfigure/2.6.7/spring-boot-autoconfigure-2.6.7.jar:/Users/Felipe/workspaces/mvnrepo/org/springframework/boot/spring-boot-starter-logging/2.6.7/spring-boot-starter-logging-2.6.7.jar:/Users/Felipe/workspaces/mvnrepo/ch/qos/logback/logback-classic/1.2.11/logback-classic-1.2.11.jar:/Users/Felipe/workspaces/mvnrepo/ch/qos/logback/logback-core/1.2.11/logback-core-1.2.11.jar:/Users/Felipe/workspaces/mvnrepo/org/apache/logging/log4j/log4j-to-slf4j/2.17.2/log4j-to-slf4j-2.17.2.jar:/Users/Felipe/workspaces/mvnrepo/org/apache/logging/log4j/log4j-api/2.17.2/log4j-api-2.17.2.jar:/Users/Felipe/workspaces/mvnrepo/org/slf4j/jul-to-slf4j/1.7.36/jul-to-slf4j-1.7.36.jar:/Users/Felipe/workspaces/mvnrepo/jakarta/annotation/jakarta.annotation-api/1.3.5/jakarta.annotation-api-1.3.5.jar:/Users/Felipe/workspaces/mvnrepo/org/yaml/snakeyaml/1.29/snakeyaml-1.29.jar:/Users/Felipe/workspaces/mvnrepo/org/springframework/boot/spring-boot-starter-json/2.6.7/spring-boot-starter-json-2.6.7.jar:/Users/Felipe/workspaces/mvnrepo/com/fasterxml/jackson/core/jackson-databind/2.13.2.1/jackson-databind-2.13.2.1.jar:/Users/Felipe/workspaces/mvnrepo/com/fasterxml/jackson/core/jackson-annotations/2.13.2/jackson-annotations-2.13.2.jar:/Users/Felipe/workspaces/mvnrepo/com/fasterxml/jackson/core/jackson-core/2.13.2/jackson-core-2.13.2.jar:/Users/Felipe/workspaces/mvnrepo/com/fasterxml/jackson/datatype/jackson-datatype-jdk8/2.13.2/jackson-datatype-jdk8-2.13.2.jar:/Users/Felipe/workspaces/mvnrepo/com/fasterxml/jackson/datatype/jackson-datatype-jsr310/2.13.2/jackson-datatype-jsr310-2.13.2.jar:/Users/Felipe/workspaces/mvnrepo/com/fasterxml/jackson/module/jackson-module-parameter-names/2.13.2/jackson-module-parameter-names-2.13.2.jar:/Users/Felipe/workspaces/mvnrepo/org/springframework/boot/spring-boot-starter-tomcat/2.6.7/spring-boot-starter-tomcat-2.6.7.jar:/Users/Felipe/workspaces/mvnrepo/org/apache/tomcat/embed/tomcat-embed-core/9.0.62/tomcat-embed-core-9.0.62.jar:/Users/Felipe/workspaces/mvnrepo/org/apache/tomcat/embed/tomcat-embed-el/9.0.62/tomcat-embed-el-9.0.62.jar:/Users/Felipe/workspaces/mvnrepo/org/apache/tomcat/embed/tomcat-embed-websocket/9.0.62/tomcat-embed-websocket-9.0.62.jar:/Users/Felipe/workspaces/mvnrepo/org/springframework/spring-web/5.3.19/spring-web-5.3.19.jar:/Users/Felipe/workspaces/mvnrepo/org/springframework/spring-beans/5.3.19/spring-beans-5.3.19.jar:/Users/Felipe/workspaces/mvnrepo/org/springframework/spring-webmvc/5.3.19/spring-webmvc-5.3.19.jar:/Users/Felipe/workspaces/mvnrepo/org/springframework/spring-aop/5.3.19/spring-aop-5.3.19.jar:/Users/Felipe/workspaces/mvnrepo/org/springframework/spring-context/5.3.19/spring-context-5.3.19.jar:/Users/Felipe/workspaces/mvnrepo/org/springframework/spring-expression/5.3.19/spring-expression-5.3.19.jar:/Users/Felipe/workspaces/mvnrepo/org/projectlombok/lombok/1.18.24/lombok-1.18.24.jar:/Users/Felipe/workspaces/mvnrepo/org/springframework/boot/spring-boot-starter-test/2.6.7/spring-boot-starter-test-2.6.7.jar:/Users/Felipe/workspaces/mvnrepo/org/springframework/boot/spring-boot-test/2.6.7/spring-boot-test-2.6.7.jar:/Users/Felipe/workspaces/mvnrepo/org/springframework/boot/spring-boot-test-autoconfigure/2.6.7/spring-boot-test-autoconfigure-2.6.7.jar:/Users/Felipe/workspaces/mvnrepo/com/jayway/jsonpath/json-path/2.6.0/json-path-2.6.0.jar:/Users/Felipe/workspaces/mvnrepo/net/minidev/json-smart/2.4.8/json-smart-2.4.8.jar:/Users/Felipe/workspaces/mvnrepo/net/minidev/accessors-smart/2.4.8/accessors-smart-2.4.8.jar:/Users/Felipe/workspaces/mvnrepo/org/ow2/asm/asm/9.1/asm-9.1.jar:/Users/Felipe/workspaces/mvnrepo/org/slf4j/slf4j-api/1.7.36/slf4j-api-1.7.36.jar:/Users/Felipe/workspaces/mvnrepo/jakarta/xml/bind/jakarta.xml.bind-api/2.3.3/jakarta.xml.bind-api-2.3.3.jar:/Users/Felipe/workspaces/mvnrepo/jakarta/activation/jakarta.activation-api/1.2.2/jakarta.activation-api-1.2.2.jar:/Users/Felipe/workspaces/mvnrepo/org/assertj/assertj-core/3.21.0/assertj-core-3.21.0.jar:/Users/Felipe/workspaces/mvnrepo/org/hamcrest/hamcrest/2.2/hamcrest-2.2.jar:/Users/Felipe/workspaces/mvnrepo/org/junit/jupiter/junit-jupiter/5.8.2/junit-jupiter-5.8.2.jar:/Users/Felipe/workspaces/mvnrepo/org/junit/jupiter/junit-jupiter-api/5.8.2/junit-jupiter-api-5.8.2.jar:/Users/Felipe/workspaces/mvnrepo/org/opentest4j/opentest4j/1.2.0/opentest4j-1.2.0.jar:/Users/Felipe/workspaces/mvnrepo/org/junit/platform/junit-platform-commons/1.8.2/junit-platform-commons-1.8.2.jar:/Users/Felipe/workspaces/mvnrepo/org/apiguardian/apiguardian-api/1.1.2/apiguardian-api-1.1.2.jar:/Users/Felipe/workspaces/mvnrepo/org/junit/jupiter/junit-jupiter-params/5.8.2/junit-jupiter-params-5.8.2.jar:/Users/Felipe/workspaces/mvnrepo/org/junit/jupiter/junit-jupiter-engine/5.8.2/junit-jupiter-engine-5.8.2.jar:/Users/Felipe/workspaces/mvnrepo/org/junit/platform/junit-platform-engine/1.8.2/junit-platform-engine-1.8.2.jar:/Users/Felipe/workspaces/mvnrepo/org/mockito/mockito-core/4.0.0/mockito-core-4.0.0.jar:/Users/Felipe/workspaces/mvnrepo/net/bytebuddy/byte-buddy/1.11.22/byte-buddy-1.11.22.jar:/Users/Felipe/workspaces/mvnrepo/net/bytebuddy/byte-buddy-agent/1.11.22/byte-buddy-agent-1.11.22.jar:/Users/Felipe/workspaces/mvnrepo/org/objenesis/objenesis/3.2/objenesis-3.2.jar:/Users/Felipe/workspaces/mvnrepo/org/mockito/mockito-junit-jupiter/4.0.0/mockito-junit-jupiter-4.0.0.jar:/Users/Felipe/workspaces/mvnrepo/org/skyscreamer/jsonassert/1.5.0/jsonassert-1.5.0.jar:/Users/Felipe/workspaces/mvnrepo/com/vaadin/external/google/android-json/0.0.20131108.vaadin1/android-json-0.0.20131108.vaadin1.jar:/Users/Felipe/workspaces/mvnrepo/org/springframework/spring-core/5.3.19/spring-core-5.3.19.jar:/Users/Felipe/workspaces/mvnrepo/org/springframework/spring-jcl/5.3.19/spring-jcl-5.3.19.jar:/Users/Felipe/workspaces/mvnrepo/org/springframework/spring-test/5.3.19/spring-test-5.3.19.jar:/Users/Felipe/workspaces/mvnrepo/org/xmlunit/xmlunit-core/2.8.4/xmlunit-core-2.8.4.jar:"/>
    <property name="java.vm.vendor" value="Oracle Corporation"/>
    <property name="sun.arch.data.model" value="64"/>
    <property name="java.vendor.url" value="https://openjdk.java.net/"/>
    <property name="user.timezone" value=""/>
    <property name="java.vm.specification.version" value="11"/>
    <property name="os.name" value="Mac OS X"/>
    <property name="sun.java.launcher" value="SUN_STANDARD"/>
    <property name="user.country" value="BR"/>
    <property name="sun.boot.library.path" value="/Library/Java/JavaVirtualMachines/jdk-11.0.14.jdk/Contents/Home/lib"/>
    <property name="sun.java.command" value="/Users/Felipe/workspaces/workspaceJavaVS/visualnut-challenge/target/surefire/surefirebooter1549068630356403188.jar /Users/Felipe/workspaces/workspaceJavaVS/visualnut-challenge/target/surefire 2022-04-30T18-58-04_624-jvmRun1 surefire481858238173873426tmp surefire_04339927889979079536tmp"/>
    <property name="http.nonProxyHosts" value="local|*.local|169.254/16|*.169.254/16"/>
    <property name="jdk.debug" value="release"/>
    <property name="surefire.test.class.path" value="/Users/Felipe/workspaces/workspaceJavaVS/visualnut-challenge/target/test-classes:/Users/Felipe/workspaces/workspaceJavaVS/visualnut-challenge/target/classes:/Users/Felipe/workspaces/mvnrepo/org/springframework/boot/spring-boot-starter-web/2.6.7/spring-boot-starter-web-2.6.7.jar:/Users/Felipe/workspaces/mvnrepo/org/springframework/boot/spring-boot-starter/2.6.7/spring-boot-starter-2.6.7.jar:/Users/Felipe/workspaces/mvnrepo/org/springframework/boot/spring-boot/2.6.7/spring-boot-2.6.7.jar:/Users/Felipe/workspaces/mvnrepo/org/springframework/boot/spring-boot-autoconfigure/2.6.7/spring-boot-autoconfigure-2.6.7.jar:/Users/Felipe/workspaces/mvnrepo/org/springframework/boot/spring-boot-starter-logging/2.6.7/spring-boot-starter-logging-2.6.7.jar:/Users/Felipe/workspaces/mvnrepo/ch/qos/logback/logback-classic/1.2.11/logback-classic-1.2.11.jar:/Users/Felipe/workspaces/mvnrepo/ch/qos/logback/logback-core/1.2.11/logback-core-1.2.11.jar:/Users/Felipe/workspaces/mvnrepo/org/apache/logging/log4j/log4j-to-slf4j/2.17.2/log4j-to-slf4j-2.17.2.jar:/Users/Felipe/workspaces/mvnrepo/org/apache/logging/log4j/log4j-api/2.17.2/log4j-api-2.17.2.jar:/Users/Felipe/workspaces/mvnrepo/org/slf4j/jul-to-slf4j/1.7.36/jul-to-slf4j-1.7.36.jar:/Users/Felipe/workspaces/mvnrepo/jakarta/annotation/jakarta.annotation-api/1.3.5/jakarta.annotation-api-1.3.5.jar:/Users/Felipe/workspaces/mvnrepo/org/yaml/snakeyaml/1.29/snakeyaml-1.29.jar:/Users/Felipe/workspaces/mvnrepo/org/springframework/boot/spring-boot-starter-json/2.6.7/spring-boot-starter-json-2.6.7.jar:/Users/Felipe/workspaces/mvnrepo/com/fasterxml/jackson/core/jackson-databind/2.13.2.1/jackson-databind-2.13.2.1.jar:/Users/Felipe/workspaces/mvnrepo/com/fasterxml/jackson/core/jackson-annotations/2.13.2/jackson-annotations-2.13.2.jar:/Users/Felipe/workspaces/mvnrepo/com/fasterxml/jackson/core/jackson-core/2.13.2/jackson-core-2.13.2.jar:/Users/Felipe/workspaces/mvnrepo/com/fasterxml/jackson/datatype/jackson-datatype-jdk8/2.13.2/jackson-datatype-jdk8-2.13.2.jar:/Users/Felipe/workspaces/mvnrepo/com/fasterxml/jackson/datatype/jackson-datatype-jsr310/2.13.2/jackson-datatype-jsr310-2.13.2.jar:/Users/Felipe/workspaces/mvnrepo/com/fasterxml/jackson/module/jackson-module-parameter-names/2.13.2/jackson-module-parameter-names-2.13.2.jar:/Users/Felipe/workspaces/mvnrepo/org/springframework/boot/spring-boot-starter-tomcat/2.6.7/spring-boot-starter-tomcat-2.6.7.jar:/Users/Felipe/workspaces/mvnrepo/org/apache/tomcat/embed/tomcat-embed-core/9.0.62/tomcat-embed-core-9.0.62.jar:/Users/Felipe/workspaces/mvnrepo/org/apache/tomcat/embed/tomcat-embed-el/9.0.62/tomcat-embed-el-9.0.62.jar:/Users/Felipe/workspaces/mvnrepo/org/apache/tomcat/embed/tomcat-embed-websocket/9.0.62/tomcat-embed-websocket-9.0.62.jar:/Users/Felipe/workspaces/mvnrepo/org/springframework/spring-web/5.3.19/spring-web-5.3.19.jar:/Users/Felipe/workspaces/mvnrepo/org/springframework/spring-beans/5.3.19/spring-beans-5.3.19.jar:/Users/Felipe/workspaces/mvnrepo/org/springframework/spring-webmvc/5.3.19/spring-webmvc-5.3.19.jar:/Users/Felipe/workspaces/mvnrepo/org/springframework/spring-aop/5.3.19/spring-aop-5.3.19.jar:/Users/Felipe/workspaces/mvnrepo/org/springframework/spring-context/5.3.19/spring-context-5.3.19.jar:/Users/Felipe/workspaces/mvnrepo/org/springframework/spring-expression/5.3.19/spring-expression-5.3.19.jar:/Users/Felipe/workspaces/mvnrepo/org/projectlombok/lombok/1.18.24/lombok-1.18.24.jar:/Users/Felipe/workspaces/mvnrepo/org/springframework/boot/spring-boot-starter-test/2.6.7/spring-boot-starter-test-2.6.7.jar:/Users/Felipe/workspaces/mvnrepo/org/springframework/boot/spring-boot-test/2.6.7/spring-boot-test-2.6.7.jar:/Users/Felipe/workspaces/mvnrepo/org/springframework/boot/spring-boot-test-autoconfigure/2.6.7/spring-boot-test-autoconfigure-2.6.7.jar:/Users/Felipe/workspaces/mvnrepo/com/jayway/jsonpath/json-path/2.6.0/json-path-2.6.0.jar:/Users/Felipe/workspaces/mvnrepo/net/minidev/json-smart/2.4.8/json-smart-2.4.8.jar:/Users/Felipe/workspaces/mvnrepo/net/minidev/accessors-smart/2.4.8/accessors-smart-2.4.8.jar:/Users/Felipe/workspaces/mvnrepo/org/ow2/asm/asm/9.1/asm-9.1.jar:/Users/Felipe/workspaces/mvnrepo/org/slf4j/slf4j-api/1.7.36/slf4j-api-1.7.36.jar:/Users/Felipe/workspaces/mvnrepo/jakarta/xml/bind/jakarta.xml.bind-api/2.3.3/jakarta.xml.bind-api-2.3.3.jar:/Users/Felipe/workspaces/mvnrepo/jakarta/activation/jakarta.activation-api/1.2.2/jakarta.activation-api-1.2.2.jar:/Users/Felipe/workspaces/mvnrepo/org/assertj/assertj-core/3.21.0/assertj-core-3.21.0.jar:/Users/Felipe/workspaces/mvnrepo/org/hamcrest/hamcrest/2.2/hamcrest-2.2.jar:/Users/Felipe/workspaces/mvnrepo/org/junit/jupiter/junit-jupiter/5.8.2/junit-jupiter-5.8.2.jar:/Users/Felipe/workspaces/mvnrepo/org/junit/jupiter/junit-jupiter-api/5.8.2/junit-jupiter-api-5.8.2.jar:/Users/Felipe/workspaces/mvnrepo/org/opentest4j/opentest4j/1.2.0/opentest4j-1.2.0.jar:/Users/Felipe/workspaces/mvnrepo/org/junit/platform/junit-platform-commons/1.8.2/junit-platform-commons-1.8.2.jar:/Users/Felipe/workspaces/mvnrepo/org/apiguardian/apiguardian-api/1.1.2/apiguardian-api-1.1.2.jar:/Users/Felipe/workspaces/mvnrepo/org/junit/jupiter/junit-jupiter-params/5.8.2/junit-jupiter-params-5.8.2.jar:/Users/Felipe/workspaces/mvnrepo/org/junit/jupiter/junit-jupiter-engine/5.8.2/junit-jupiter-engine-5.8.2.jar:/Users/Felipe/workspaces/mvnrepo/org/junit/platform/junit-platform-engine/1.8.2/junit-platform-engine-1.8.2.jar:/Users/Felipe/workspaces/mvnrepo/org/mockito/mockito-core/4.0.0/mockito-core-4.0.0.jar:/Users/Felipe/workspaces/mvnrepo/net/bytebuddy/byte-buddy/1.11.22/byte-buddy-1.11.22.jar:/Users/Felipe/workspaces/mvnrepo/net/bytebuddy/byte-buddy-agent/1.11.22/byte-buddy-agent-1.11.22.jar:/Users/Felipe/workspaces/mvnrepo/org/objenesis/objenesis/3.2/objenesis-3.2.jar:/Users/Felipe/workspaces/mvnrepo/org/mockito/mockito-junit-jupiter/4.0.0/mockito-junit-jupiter-4.0.0.jar:/Users/Felipe/workspaces/mvnrepo/org/skyscreamer/jsonassert/1.5.0/jsonassert-1.5.0.jar:/Users/Felipe/workspaces/mvnrepo/com/vaadin/external/google/android-json/0.0.20131108.vaadin1/android-json-0.0.20131108.vaadin1.jar:/Users/Felipe/workspaces/mvnrepo/org/springframework/spring-core/5.3.19/spring-core-5.3.19.jar:/Users/Felipe/workspaces/mvnrepo/org/springframework/spring-jcl/5.3.19/spring-jcl-5.3.19.jar:/Users/Felipe/workspaces/mvnrepo/org/springframework/spring-test/5.3.19/spring-test-5.3.19.jar:/Users/Felipe/workspaces/mvnrepo/org/xmlunit/xmlunit-core/2.8.4/xmlunit-core-2.8.4.jar:"/>
    <property name="sun.cpu.endian" value="little"/>
    <property name="user.home" value="/Users/Felipe"/>
    <property name="user.language" value="pt"/>
    <property name="java.specification.vendor" value="Oracle Corporation"/>
    <property name="java.version.date" value="2022-01-18"/>
    <property name="java.home" value="/Library/Java/JavaVirtualMachines/jdk-11.0.14.jdk/Contents/Home"/>
    <property name="file.separator" value="/"/>
    <property name="basedir" value="/Users/Felipe/workspaces/workspaceJavaVS/visualnut-challenge"/>
    <property name="java.vm.compressedOopsMode" value="Zero based"/>
    <property name="line.separator" value="&#10;"/>
    <property name="java.specification.name" value="Java Platform API Specification"/>
    <property name="java.vm.specification.vendor" value="Oracle Corporation"/>
    <property name="java.awt.graphicsenv" value="sun.awt.CGraphicsEnvironment"/>
    <property name="surefire.real.class.path" value="/Users/Felipe/workspaces/workspaceJavaVS/visualnut-challenge/target/surefire/surefirebooter1549068630356403188.jar"/>
    <property name="sun.management.compiler" value="HotSpot 64-Bit Tiered Compilers"/>
    <property name="ftp.nonProxyHosts" value="local|*.local|169.254/16|*.169.254/16"/>
    <property name="java.runtime.version" value="11.0.14+8-LTS-263"/>
    <property name="user.name" value="Felipe"/>
    <property name="path.separator" value=":"/>
    <property name="os.version" value="10.13.6"/>
    <property name="java.runtime.name" value="Java(TM) SE Runtime Environment"/>
    <property name="file.encoding" value="UTF-8"/>
    <property name="java.vm.name" value="Java HotSpot(TM) 64-Bit Server VM"/>
    <property name="java.vendor.version" value="18.9"/>
    <property name="localRepository" value="/Users/Felipe/workspaces/mvnrepo"/>
    <property name="java.vendor.url.bug" value="https://bugreport.java.com/bugreport/"/>
    <property name="java.io.tmpdir" value="/var/folders/sg/b58hfk_14gl03c0mzbv80fth0000gn/T/"/>
    <property name="java.version" value="11.0.14"/>
    <property name="user.dir" value="/Users/Felipe/workspaces/workspaceJavaVS/visualnut-challenge"/>
    <property name="os.arch" value="x86_64"/>
    <property name="java.vm.specification.name" value="Java Virtual Machine Specification"/>
    <property name="java.awt.printerjob" value="sun.lwawt.macosx.CPrinterJob"/>
    <property name="sun.os.patch.level" value="unknown"/>
    <property name="java.library.path" value="/Users/Felipe/Library/Java/Extensions:/Library/Java/Extensions:/Network/Library/Java/Extensions:/System/Library/Java/Extensions:/usr/lib/java:."/>
    <property name="java.vendor" value="Oracle Corporation"/>
    <property name="java.vm.info" value="mixed mode"/>
    <property name="java.vm.version" value="11.0.14+8-LTS-263"/>
    <property name="sun.io.unicode.encoding" value="UnicodeBig"/>
    <property name="java.class.version" value="55.0"/>
    <property name="socksNonProxyHosts" value="local|*.local|169.254/16|*.169.254/16"/>
  </properties>
  <testcase name="contextLoads" classname="visualnut.challenge.apps.Ex1ApplicationTests" time="0.318"/>
</testsuite>